Analysis & Synthesis report for Ofer_Prod
Wed Jun 16 01:26:13 2021
Quartus Prime Version 17.1.0 Build 590 10/25/2017 SJ Lite Edition


---------------------
; Table of Contents ;
---------------------
  1. Legal Notice
  2. Analysis & Synthesis Summary
  3. Analysis & Synthesis Settings
  4. Parallel Compilation
  5. Analysis & Synthesis Source Files Read
  6. Analysis & Synthesis Resource Usage Summary
  7. Analysis & Synthesis Resource Utilization by Entity
  8. State Machine - |Ofer_Prod_Top|CubosGelo:modoGelo_fsm|s_currentState
  9. State Machine - |Ofer_Prod_Top|Ofer_Prod:main_fsm|s_currentState
 10. General Register Statistics
 11. Multiplexer Restructuring Statistics (Restructuring Performed)
 12. Parameter Settings for User Entity Instance: ClkDividerN:clk_div_1hz
 13. Parameter Settings for User Entity Instance: DebounceUnit:debounceDiminuir_fsm
 14. Parameter Settings for User Entity Instance: DebounceUnit:debounceAumentar_fsm
 15. Parameter Settings for Inferred Entity Instance: Timer_FSM:timer_fsm|lpm_mult:Mult0
 16. lpm_mult Parameter Settings by Entity Instance
 17. Post-Synthesis Netlist Statistics for Top Partition
 18. Elapsed Time Per Partition
 19. Analysis & Synthesis Messages



----------------
; Legal Notice ;
----------------
Copyright (C) 2017  Intel Corporation. All rights reserved.
Your use of Intel Corporation's design tools, logic functions 
and other software and tools, and its AMPP partner logic 
functions, and any output files from any of the foregoing 
(including device programming or simulation files), and any 
associated documentation or information are expressly subject 
to the terms and conditions of the Intel Program License 
Subscription Agreement, the Intel Quartus Prime License Agreement,
the Intel FPGA IP License Agreement, or other applicable license
agreement, including, without limitation, that your use is for
the sole purpose of programming logic devices manufactured by
Intel and sold by Intel or its authorized distributors.  Please
refer to the applicable agreement for further details.



+----------------------------------------------------------------------------------+
; Analysis & Synthesis Summary                                                     ;
+------------------------------------+---------------------------------------------+
; Analysis & Synthesis Status        ; Successful - Wed Jun 16 01:26:13 2021       ;
; Quartus Prime Version              ; 17.1.0 Build 590 10/25/2017 SJ Lite Edition ;
; Revision Name                      ; Ofer_Prod                                   ;
; Top-level Entity Name              ; Ofer_Prod_Top                               ;
; Family                             ; Cyclone IV E                                ;
; Total logic elements               ; 377                                         ;
;     Total combinational functions  ; 368                                         ;
;     Dedicated logic registers      ; 136                                         ;
; Total registers                    ; 136                                         ;
; Total pins                         ; 66                                          ;
; Total virtual pins                 ; 0                                           ;
; Total memory bits                  ; 0                                           ;
; Embedded Multiplier 9-bit elements ; 0                                           ;
; Total PLLs                         ; 0                                           ;
+------------------------------------+---------------------------------------------+


+----------------------------------------------------------------------------------------------------------------------+
; Analysis & Synthesis Settings                                                                                        ;
+----------------------------------------------------------------------------+--------------------+--------------------+
; Option                                                                     ; Setting            ; Default Value      ;
+----------------------------------------------------------------------------+--------------------+--------------------+
; Device                                                                     ; EP4CE115F29C7      ;                    ;
; Top-level entity name                                                      ; Ofer_Prod_Top      ; Ofer_Prod          ;
; Family name                                                                ; Cyclone IV E       ; Cyclone V          ;
; Use smart compilation                                                      ; Off                ; Off                ;
; Enable parallel Assembler and TimeQuest Timing Analyzer during compilation ; On                 ; On                 ;
; Enable compact report table                                                ; Off                ; Off                ;
; Restructure Multiplexers                                                   ; Auto               ; Auto               ;
; Create Debugging Nodes for IP Cores                                        ; Off                ; Off                ;
; Preserve fewer node names                                                  ; On                 ; On                 ;
; Intel FPGA IP Evaluation Mode                                              ; Enable             ; Enable             ;
; Verilog Version                                                            ; Verilog_2001       ; Verilog_2001       ;
; VHDL Version                                                               ; VHDL_1993          ; VHDL_1993          ;
; State Machine Processing                                                   ; Auto               ; Auto               ;
; Safe State Machine                                                         ; Off                ; Off                ;
; Extract Verilog State Machines                                             ; On                 ; On                 ;
; Extract VHDL State Machines                                                ; On                 ; On                 ;
; Ignore Verilog initial constructs                                          ; Off                ; Off                ;
; Iteration limit for constant Verilog loops                                 ; 5000               ; 5000               ;
; Iteration limit for non-constant Verilog loops                             ; 250                ; 250                ;
; Add Pass-Through Logic to Inferred RAMs                                    ; On                 ; On                 ;
; Infer RAMs from Raw Logic                                                  ; On                 ; On                 ;
; Parallel Synthesis                                                         ; On                 ; On                 ;
; DSP Block Balancing                                                        ; Auto               ; Auto               ;
; NOT Gate Push-Back                                                         ; On                 ; On                 ;
; Power-Up Don't Care                                                        ; On                 ; On                 ;
; Remove Redundant Logic Cells                                               ; Off                ; Off                ;
; Remove Duplicate Registers                                                 ; On                 ; On                 ;
; Ignore CARRY Buffers                                                       ; Off                ; Off                ;
; Ignore CASCADE Buffers                                                     ; Off                ; Off                ;
; Ignore GLOBAL Buffers                                                      ; Off                ; Off                ;
; Ignore ROW GLOBAL Buffers                                                  ; Off                ; Off                ;
; Ignore LCELL Buffers                                                       ; Off                ; Off                ;
; Ignore SOFT Buffers                                                        ; On                 ; On                 ;
; Limit AHDL Integers to 32 Bits                                             ; Off                ; Off                ;
; Optimization Technique                                                     ; Balanced           ; Balanced           ;
; Carry Chain Length                                                         ; 70                 ; 70                 ;
; Auto Carry Chains                                                          ; On                 ; On                 ;
; Auto Open-Drain Pins                                                       ; On                 ; On                 ;
; Perform WYSIWYG Primitive Resynthesis                                      ; Off                ; Off                ;
; Auto ROM Replacement                                                       ; On                 ; On                 ;
; Auto RAM Replacement                                                       ; On                 ; On                 ;
; Auto DSP Block Replacement                                                 ; On                 ; On                 ;
; Auto Shift Register Replacement                                            ; Auto               ; Auto               ;
; Allow Shift Register Merging across Hierarchies                            ; Auto               ; Auto               ;
; Auto Clock Enable Replacement                                              ; On                 ; On                 ;
; Strict RAM Replacement                                                     ; Off                ; Off                ;
; Allow Synchronous Control Signals                                          ; On                 ; On                 ;
; Force Use of Synchronous Clear Signals                                     ; Off                ; Off                ;
; Auto RAM Block Balancing                                                   ; On                 ; On                 ;
; Auto RAM to Logic Cell Conversion                                          ; Off                ; Off                ;
; Auto Resource Sharing                                                      ; Off                ; Off                ;
; Allow Any RAM Size For Recognition                                         ; Off                ; Off                ;
; Allow Any ROM Size For Recognition                                         ; Off                ; Off                ;
; Allow Any Shift Register Size For Recognition                              ; Off                ; Off                ;
; Use LogicLock Constraints during Resource Balancing                        ; On                 ; On                 ;
; Ignore translate_off and synthesis_off directives                          ; Off                ; Off                ;
; Timing-Driven Synthesis                                                    ; On                 ; On                 ;
; Report Parameter Settings                                                  ; On                 ; On                 ;
; Report Source Assignments                                                  ; On                 ; On                 ;
; Report Connectivity Checks                                                 ; On                 ; On                 ;
; Ignore Maximum Fan-Out Assignments                                         ; Off                ; Off                ;
; Synchronization Register Chain Length                                      ; 2                  ; 2                  ;
; Power Optimization During Synthesis                                        ; Normal compilation ; Normal compilation ;
; HDL message level                                                          ; Level2             ; Level2             ;
; Suppress Register Optimization Related Messages                            ; Off                ; Off                ;
; Number of Removed Registers Reported in Synthesis Report                   ; 5000               ; 5000               ;
; Number of Swept Nodes Reported in Synthesis Report                         ; 5000               ; 5000               ;
; Number of Inverted Registers Reported in Synthesis Report                  ; 100                ; 100                ;
; Clock MUX Protection                                                       ; On                 ; On                 ;
; Auto Gated Clock Conversion                                                ; Off                ; Off                ;
; Block Design Naming                                                        ; Auto               ; Auto               ;
; SDC constraint protection                                                  ; Off                ; Off                ;
; Synthesis Effort                                                           ; Auto               ; Auto               ;
; Shift Register Replacement - Allow Asynchronous Clear Signal               ; On                 ; On                 ;
; Pre-Mapping Resynthesis Optimization                                       ; Off                ; Off                ;
; Analysis & Synthesis Message Level                                         ; Medium             ; Medium             ;
; Disable Register Merging Across Hierarchies                                ; Auto               ; Auto               ;
; Resource Aware Inference For Block RAM                                     ; On                 ; On                 ;
+----------------------------------------------------------------------------+--------------------+--------------------+


+------------------------------------------+
; Parallel Compilation                     ;
+----------------------------+-------------+
; Processors                 ; Number      ;
+----------------------------+-------------+
; Number detected on machine ; 4           ;
; Maximum allowed            ; 2           ;
;                            ;             ;
; Average used               ; 1.00        ;
; Maximum used               ; 2           ;
;                            ;             ;
; Usage by Processor         ; % Time Used ;
;     Processor 1            ; 100.0%      ;
;     Processor 2            ;   0.0%      ;
+----------------------------+-------------+


+------------------------------------------------------------------------------------------------------------------------------------------------------------+
; Analysis & Synthesis Source Files Read                                                                                                                     ;
+----------------------------------+-----------------+-----------------+---------------------------------------------------------------------------+---------+
; File Name with User-Entered Path ; Used in Netlist ; File Type       ; File Name with Absolute Path                                              ; Library ;
+----------------------------------+-----------------+-----------------+---------------------------------------------------------------------------+---------+
; Ofer_Prod.vhd                    ; yes             ; User VHDL File  ; C:/LSD/ProjetoFinal/Ofer_Prod.vhd                                         ;         ;
; Bin7SegDecoder.vhd               ; yes             ; User VHDL File  ; C:/LSD/ProjetoFinal/Bin7SegDecoder.vhd                                    ;         ;
; ClkDividerN.vhd                  ; yes             ; User VHDL File  ; C:/LSD/ProjetoFinal/ClkDividerN.vhd                                       ;         ;
; Ofer_Prod_Top.vhd                ; yes             ; User VHDL File  ; C:/LSD/ProjetoFinal/Ofer_Prod_Top.vhd                                     ;         ;
; CubosGelo.vhd                    ; yes             ; User VHDL File  ; C:/LSD/ProjetoFinal/CubosGelo.vhd                                         ;         ;
; Timer_FSM.vhd                    ; yes             ; User VHDL File  ; C:/LSD/ProjetoFinal/Timer_FSM.vhd                                         ;         ;
; DebounceUnit.vhd                 ; yes             ; User VHDL File  ; C:/LSD/ProjetoFinal/DebounceUnit.vhd                                      ;         ;
; RegisterRef.vhd                  ; yes             ; User VHDL File  ; C:/LSD/ProjetoFinal/RegisterRef.vhd                                       ;         ;
; lpm_mult.tdf                     ; yes             ; Megafunction    ; c:/intelfpga_lite/17.1/quartus/libraries/megafunctions/lpm_mult.tdf       ;         ;
; aglobal171.inc                   ; yes             ; Megafunction    ; c:/intelfpga_lite/17.1/quartus/libraries/megafunctions/aglobal171.inc     ;         ;
; lpm_add_sub.inc                  ; yes             ; Megafunction    ; c:/intelfpga_lite/17.1/quartus/libraries/megafunctions/lpm_add_sub.inc    ;         ;
; multcore.inc                     ; yes             ; Megafunction    ; c:/intelfpga_lite/17.1/quartus/libraries/megafunctions/multcore.inc       ;         ;
; bypassff.inc                     ; yes             ; Megafunction    ; c:/intelfpga_lite/17.1/quartus/libraries/megafunctions/bypassff.inc       ;         ;
; altshift.inc                     ; yes             ; Megafunction    ; c:/intelfpga_lite/17.1/quartus/libraries/megafunctions/altshift.inc       ;         ;
; multcore.tdf                     ; yes             ; Megafunction    ; c:/intelfpga_lite/17.1/quartus/libraries/megafunctions/multcore.tdf       ;         ;
; csa_add.inc                      ; yes             ; Megafunction    ; c:/intelfpga_lite/17.1/quartus/libraries/megafunctions/csa_add.inc        ;         ;
; mpar_add.inc                     ; yes             ; Megafunction    ; c:/intelfpga_lite/17.1/quartus/libraries/megafunctions/mpar_add.inc       ;         ;
; muleabz.inc                      ; yes             ; Megafunction    ; c:/intelfpga_lite/17.1/quartus/libraries/megafunctions/muleabz.inc        ;         ;
; mul_lfrg.inc                     ; yes             ; Megafunction    ; c:/intelfpga_lite/17.1/quartus/libraries/megafunctions/mul_lfrg.inc       ;         ;
; mul_boothc.inc                   ; yes             ; Megafunction    ; c:/intelfpga_lite/17.1/quartus/libraries/megafunctions/mul_boothc.inc     ;         ;
; alt_ded_mult.inc                 ; yes             ; Megafunction    ; c:/intelfpga_lite/17.1/quartus/libraries/megafunctions/alt_ded_mult.inc   ;         ;
; alt_ded_mult_y.inc               ; yes             ; Megafunction    ; c:/intelfpga_lite/17.1/quartus/libraries/megafunctions/alt_ded_mult_y.inc ;         ;
; dffpipe.inc                      ; yes             ; Megafunction    ; c:/intelfpga_lite/17.1/quartus/libraries/megafunctions/dffpipe.inc        ;         ;
; mpar_add.tdf                     ; yes             ; Megafunction    ; c:/intelfpga_lite/17.1/quartus/libraries/megafunctions/mpar_add.tdf       ;         ;
; altshift.tdf                     ; yes             ; Megafunction    ; c:/intelfpga_lite/17.1/quartus/libraries/megafunctions/altshift.tdf       ;         ;
+----------------------------------+-----------------+-----------------+---------------------------------------------------------------------------+---------+


+--------------------------------------------------------------+
; Analysis & Synthesis Resource Usage Summary                  ;
+---------------------------------------------+----------------+
; Resource                                    ; Usage          ;
+---------------------------------------------+----------------+
; Estimated Total logic elements              ; 377            ;
;                                             ;                ;
; Total combinational functions               ; 368            ;
; Logic element usage by number of LUT inputs ;                ;
;     -- 4 input functions                    ; 113            ;
;     -- 3 input functions                    ; 83             ;
;     -- <=2 input functions                  ; 172            ;
;                                             ;                ;
; Logic elements by mode                      ;                ;
;     -- normal mode                          ; 242            ;
;     -- arithmetic mode                      ; 126            ;
;                                             ;                ;
; Total registers                             ; 136            ;
;     -- Dedicated logic registers            ; 136            ;
;     -- I/O registers                        ; 0              ;
;                                             ;                ;
; I/O pins                                    ; 66             ;
;                                             ;                ;
; Embedded Multiplier 9-bit elements          ; 0              ;
;                                             ;                ;
; Maximum fan-out node                        ; CLOCK_50~input ;
; Maximum fan-out                             ; 136            ;
; Total fan-out                               ; 1536           ;
; Average fan-out                             ; 2.42           ;
+---------------------------------------------+----------------+


+--------------------------------------------------------------------------------------------------------------------------------------------------------------------------------------------------------------------------------------------------------------------------+
; Analysis & Synthesis Resource Utilization by Entity                                                                                                                                                                                                                      ;
+----------------------------------------+---------------------+---------------------------+-------------+--------------+---------+-----------+------+--------------+----------------------------------------------------------------------+----------------+--------------+
; Compilation Hierarchy Node             ; Combinational ALUTs ; Dedicated Logic Registers ; Memory Bits ; DSP Elements ; DSP 9x9 ; DSP 18x18 ; Pins ; Virtual Pins ; Full Hierarchy Name                                                  ; Entity Name    ; Library Name ;
+----------------------------------------+---------------------+---------------------------+-------------+--------------+---------+-----------+------+--------------+----------------------------------------------------------------------+----------------+--------------+
; |Ofer_Prod_Top                         ; 368 (0)             ; 136 (0)                   ; 0           ; 0            ; 0       ; 0         ; 66   ; 0            ; |Ofer_Prod_Top                                                       ; Ofer_Prod_Top  ; work         ;
;    |Bin7SegDecoder:dec_word0|          ; 4 (4)               ; 0 (0)                     ; 0           ; 0            ; 0       ; 0         ; 0    ; 0            ; |Ofer_Prod_Top|Bin7SegDecoder:dec_word0                              ; Bin7SegDecoder ; work         ;
;    |Bin7SegDecoder:dec_word1|          ; 5 (5)               ; 0 (0)                     ; 0           ; 0            ; 0       ; 0         ; 0    ; 0            ; |Ofer_Prod_Top|Bin7SegDecoder:dec_word1                              ; Bin7SegDecoder ; work         ;
;    |Bin7SegDecoder:dec_word2|          ; 5 (5)               ; 0 (0)                     ; 0           ; 0            ; 0       ; 0         ; 0    ; 0            ; |Ofer_Prod_Top|Bin7SegDecoder:dec_word2                              ; Bin7SegDecoder ; work         ;
;    |Bin7SegDecoder:dec_word3|          ; 7 (7)               ; 0 (0)                     ; 0           ; 0            ; 0       ; 0         ; 0    ; 0            ; |Ofer_Prod_Top|Bin7SegDecoder:dec_word3                              ; Bin7SegDecoder ; work         ;
;    |ClkDividerN:clk_div_1hz|           ; 58 (58)             ; 32 (32)                   ; 0           ; 0            ; 0       ; 0         ; 0    ; 0            ; |Ofer_Prod_Top|ClkDividerN:clk_div_1hz                               ; ClkDividerN    ; work         ;
;    |CubosGelo:modoGelo_fsm|            ; 17 (17)             ; 6 (6)                     ; 0           ; 0            ; 0       ; 0         ; 0    ; 0            ; |Ofer_Prod_Top|CubosGelo:modoGelo_fsm                                ; CubosGelo      ; work         ;
;    |DebounceUnit:debounceAumentar_fsm| ; 67 (67)             ; 26 (26)                   ; 0           ; 0            ; 0       ; 0         ; 0    ; 0            ; |Ofer_Prod_Top|DebounceUnit:debounceAumentar_fsm                     ; DebounceUnit   ; work         ;
;    |DebounceUnit:debounceDiminuir_fsm| ; 67 (67)             ; 26 (26)                   ; 0           ; 0            ; 0       ; 0         ; 0    ; 0            ; |Ofer_Prod_Top|DebounceUnit:debounceDiminuir_fsm                     ; DebounceUnit   ; work         ;
;    |Ofer_Prod:main_fsm|                ; 36 (36)             ; 9 (9)                     ; 0           ; 0            ; 0       ; 0         ; 0    ; 0            ; |Ofer_Prod_Top|Ofer_Prod:main_fsm                                    ; Ofer_Prod      ; work         ;
;    |RegisterRef:register_fsm|          ; 0 (0)               ; 5 (5)                     ; 0           ; 0            ; 0       ; 0         ; 0    ; 0            ; |Ofer_Prod_Top|RegisterRef:register_fsm                              ; RegisterRef    ; work         ;
;    |Timer_FSM:timer_fsm|               ; 102 (98)            ; 32 (32)                   ; 0           ; 0            ; 0       ; 0         ; 0    ; 0            ; |Ofer_Prod_Top|Timer_FSM:timer_fsm                                   ; Timer_FSM      ; work         ;
;       |lpm_mult:Mult0|                 ; 4 (0)               ; 0 (0)                     ; 0           ; 0            ; 0       ; 0         ; 0    ; 0            ; |Ofer_Prod_Top|Timer_FSM:timer_fsm|lpm_mult:Mult0                    ; lpm_mult       ; work         ;
;          |multcore:mult_core|          ; 4 (4)               ; 0 (0)                     ; 0           ; 0            ; 0       ; 0         ; 0    ; 0            ; |Ofer_Prod_Top|Timer_FSM:timer_fsm|lpm_mult:Mult0|multcore:mult_core ; multcore       ; work         ;
+----------------------------------------+---------------------+---------------------------+-------------+--------------+---------+-----------+------+--------------+----------------------------------------------------------------------+----------------+--------------+
Note: For table entries with two numbers listed, the numbers in parentheses indicate the number of resources of the given type used by the specific entity alone. The numbers listed outside of parentheses indicate the total resources of the given type used by the specific entity and all of its sub-entities in the hierarchy.


Encoding Type:  One-Hot
+------------------------------------------------------------------------------------------------------------------------------------------------------------------------------------------+
; State Machine - |Ofer_Prod_Top|CubosGelo:modoGelo_fsm|s_currentState                                                                                                                     ;
+----------------------------+--------------------------+----------------------------+--------------------------+--------------------------+-----------------------+-----------------------+
; Name                       ; s_currentState.DOISCUBOS ; s_currentState.QUATROCUBOS ; s_currentState.TRESCUBOS ; s_currentState.ZEROCUBOS ; s_currentState.UMCUBO ; s_currentState.INICIO ;
+----------------------------+--------------------------+----------------------------+--------------------------+--------------------------+-----------------------+-----------------------+
; s_currentState.INICIO      ; 0                        ; 0                          ; 0                        ; 0                        ; 0                     ; 0                     ;
; s_currentState.UMCUBO      ; 0                        ; 0                          ; 0                        ; 0                        ; 1                     ; 1                     ;
; s_currentState.ZEROCUBOS   ; 0                        ; 0                          ; 0                        ; 1                        ; 0                     ; 1                     ;
; s_currentState.TRESCUBOS   ; 0                        ; 0                          ; 1                        ; 0                        ; 0                     ; 1                     ;
; s_currentState.QUATROCUBOS ; 0                        ; 1                          ; 0                        ; 0                        ; 0                     ; 1                     ;
; s_currentState.DOISCUBOS   ; 1                        ; 0                          ; 0                        ; 0                        ; 0                     ; 1                     ;
+----------------------------+--------------------------+----------------------------+--------------------------+--------------------------+-----------------------+-----------------------+


Encoding Type:  One-Hot
+-----------------------------------------------------------------------------------------------------------------------------------------------------------------------------------------------------------------------------------------------------------------+
; State Machine - |Ofer_Prod_Top|Ofer_Prod:main_fsm|s_currentState                                                                                                                                                                                                ;
+---------------------------+---------------------------+-------------------------+-------------------------+------------------------+--------------------------+--------------------------+-------------------------+---------------------+----------------------+
; Name                      ; s_currentState.START_DONE ; s_currentState.DIS_SPES ; s_currentState.DIS_SOLI ; s_currentState.DIS_FAN ; s_currentState.PREP_SPES ; s_currentState.PREP_SOLI ; s_currentState.PREP_FAN ; s_currentState.EREF ; s_currentState.START ;
+---------------------------+---------------------------+-------------------------+-------------------------+------------------------+--------------------------+--------------------------+-------------------------+---------------------+----------------------+
; s_currentState.START      ; 0                         ; 0                       ; 0                       ; 0                      ; 0                        ; 0                        ; 0                       ; 0                   ; 0                    ;
; s_currentState.EREF       ; 0                         ; 0                       ; 0                       ; 0                      ; 0                        ; 0                        ; 0                       ; 1                   ; 1                    ;
; s_currentState.PREP_FAN   ; 0                         ; 0                       ; 0                       ; 0                      ; 0                        ; 0                        ; 1                       ; 0                   ; 1                    ;
; s_currentState.PREP_SOLI  ; 0                         ; 0                       ; 0                       ; 0                      ; 0                        ; 1                        ; 0                       ; 0                   ; 1                    ;
; s_currentState.PREP_SPES  ; 0                         ; 0                       ; 0                       ; 0                      ; 1                        ; 0                        ; 0                       ; 0                   ; 1                    ;
; s_currentState.DIS_FAN    ; 0                         ; 0                       ; 0                       ; 1                      ; 0                        ; 0                        ; 0                       ; 0                   ; 1                    ;
; s_currentState.DIS_SOLI   ; 0                         ; 0                       ; 1                       ; 0                      ; 0                        ; 0                        ; 0                       ; 0                   ; 1                    ;
; s_currentState.DIS_SPES   ; 0                         ; 1                       ; 0                       ; 0                      ; 0                        ; 0                        ; 0                       ; 0                   ; 1                    ;
; s_currentState.START_DONE ; 1                         ; 0                       ; 0                       ; 0                      ; 0                        ; 0                        ; 0                       ; 0                   ; 1                    ;
+---------------------------+---------------------------+-------------------------+-------------------------+------------------------+--------------------------+--------------------------+-------------------------+---------------------+----------------------+


+------------------------------------------------------+
; General Register Statistics                          ;
+----------------------------------------------+-------+
; Statistic                                    ; Value ;
+----------------------------------------------+-------+
; Total registers                              ; 136   ;
; Number of registers using Synchronous Clear  ; 9     ;
; Number of registers using Synchronous Load   ; 19    ;
; Number of registers using Asynchronous Clear ; 0     ;
; Number of registers using Asynchronous Load  ; 0     ;
; Number of registers using Clock Enable       ; 66    ;
; Number of registers using Preset             ; 0     ;
+----------------------------------------------+-------+


+----------------------------------------------------------------------------------------------------------------------------------------------------------------------------------+
; Multiplexer Restructuring Statistics (Restructuring Performed)                                                                                                                   ;
+--------------------+-----------+---------------+----------------------+------------------------+------------+--------------------------------------------------------------------+
; Multiplexer Inputs ; Bus Width ; Baseline Area ; Area if Restructured ; Saving if Restructured ; Registered ; Example Multiplexer Output                                         ;
+--------------------+-----------+---------------+----------------------+------------------------+------------+--------------------------------------------------------------------+
; 5:1                ; 8 bits    ; 24 LEs        ; 16 LEs               ; 8 LEs                  ; Yes        ; |Ofer_Prod_Top|Timer_FSM:timer_fsm|s_counter[2]                    ;
; 5:1                ; 4 bits    ; 12 LEs        ; 8 LEs                ; 4 LEs                  ; Yes        ; |Ofer_Prod_Top|Timer_FSM:timer_fsm|s_counter[12]                   ;
; 5:1                ; 18 bits   ; 54 LEs        ; 36 LEs               ; 18 LEs                 ; Yes        ; |Ofer_Prod_Top|Timer_FSM:timer_fsm|s_counter[24]                   ;
; 5:1                ; 23 bits   ; 69 LEs        ; 46 LEs               ; 23 LEs                 ; Yes        ; |Ofer_Prod_Top|DebounceUnit:debounceDiminuir_fsm|s_debounceCnt[21] ;
; 5:1                ; 23 bits   ; 69 LEs        ; 46 LEs               ; 23 LEs                 ; Yes        ; |Ofer_Prod_Top|DebounceUnit:debounceAumentar_fsm|s_debounceCnt[5]  ;
; 3:1                ; 2 bits    ; 4 LEs         ; 2 LEs                ; 2 LEs                  ; No         ; |Ofer_Prod_Top|Ofer_Prod:main_fsm|newTime                          ;
; 3:1                ; 3 bits    ; 6 LEs         ; 6 LEs                ; 0 LEs                  ; No         ; |Ofer_Prod_Top|Ofer_Prod:main_fsm|s_nextState                      ;
+--------------------+-----------+---------------+----------------------+------------------------+------------+--------------------------------------------------------------------+


+----------------------------------------------------------------------+
; Parameter Settings for User Entity Instance: ClkDividerN:clk_div_1hz ;
+----------------+---------+-------------------------------------------+
; Parameter Name ; Value   ; Type                                      ;
+----------------+---------+-------------------------------------------+
; divfactor      ; 8333333 ; Signed Integer                            ;
+----------------+---------+-------------------------------------------+
Note: In order to hide this table in the UI and the text report file, please set the "Show Parameter Settings in Synthesis Report" option in "Analysis and Synthesis Settings -> More Settings" to "Off".


+--------------------------------------------------------------------------------+
; Parameter Settings for User Entity Instance: DebounceUnit:debounceDiminuir_fsm ;
+----------------+-------+-------------------------------------------------------+
; Parameter Name ; Value ; Type                                                  ;
+----------------+-------+-------------------------------------------------------+
; khzclkfreq     ; 50000 ; Signed Integer                                        ;
; msecmininwidth ; 100   ; Signed Integer                                        ;
; inpolarity     ; '1'   ; Enumerated                                            ;
; outpolarity    ; '1'   ; Enumerated                                            ;
+----------------+-------+-------------------------------------------------------+
Note: In order to hide this table in the UI and the text report file, please set the "Show Parameter Settings in Synthesis Report" option in "Analysis and Synthesis Settings -> More Settings" to "Off".


+--------------------------------------------------------------------------------+
; Parameter Settings for User Entity Instance: DebounceUnit:debounceAumentar_fsm ;
+----------------+-------+-------------------------------------------------------+
; Parameter Name ; Value ; Type                                                  ;
+----------------+-------+-------------------------------------------------------+
; khzclkfreq     ; 50000 ; Signed Integer                                        ;
; msecmininwidth ; 100   ; Signed Integer                                        ;
; inpolarity     ; '1'   ; Enumerated                                            ;
; outpolarity    ; '1'   ; Enumerated                                            ;
+----------------+-------+-------------------------------------------------------+
Note: In order to hide this table in the UI and the text report file, please set the "Show Parameter Settings in Synthesis Report" option in "Analysis and Synthesis Settings -> More Settings" to "Off".


+-------------------------------------------------------------------------------------+
; Parameter Settings for Inferred Entity Instance: Timer_FSM:timer_fsm|lpm_mult:Mult0 ;
+------------------------------------------------+--------------+---------------------+
; Parameter Name                                 ; Value        ; Type                ;
+------------------------------------------------+--------------+---------------------+
; AUTO_CARRY_CHAINS                              ; ON           ; AUTO_CARRY          ;
; IGNORE_CARRY_BUFFERS                           ; OFF          ; IGNORE_CARRY        ;
; AUTO_CASCADE_CHAINS                            ; ON           ; AUTO_CASCADE        ;
; IGNORE_CASCADE_BUFFERS                         ; OFF          ; IGNORE_CASCADE      ;
; LPM_WIDTHA                                     ; 4            ; Untyped             ;
; LPM_WIDTHB                                     ; 26           ; Untyped             ;
; LPM_WIDTHP                                     ; 30           ; Untyped             ;
; LPM_WIDTHR                                     ; 30           ; Untyped             ;
; LPM_WIDTHS                                     ; 1            ; Untyped             ;
; LPM_REPRESENTATION                             ; UNSIGNED     ; Untyped             ;
; LPM_PIPELINE                                   ; 0            ; Untyped             ;
; LATENCY                                        ; 0            ; Untyped             ;
; INPUT_A_IS_CONSTANT                            ; NO           ; Untyped             ;
; INPUT_B_IS_CONSTANT                            ; YES          ; Untyped             ;
; USE_EAB                                        ; OFF          ; Untyped             ;
; MAXIMIZE_SPEED                                 ; 5            ; Untyped             ;
; DEVICE_FAMILY                                  ; Cyclone IV E ; Untyped             ;
; CARRY_CHAIN                                    ; MANUAL       ; Untyped             ;
; APEX20K_TECHNOLOGY_MAPPER                      ; LUT          ; TECH_MAPPER_APEX20K ;
; DEDICATED_MULTIPLIER_CIRCUITRY                 ; AUTO         ; Untyped             ;
; DEDICATED_MULTIPLIER_MIN_INPUT_WIDTH_FOR_AUTO  ; 0            ; Untyped             ;
; DEDICATED_MULTIPLIER_MIN_OUTPUT_WIDTH_FOR_AUTO ; 0            ; Untyped             ;
; CBXI_PARAMETER                                 ; NOTHING      ; Untyped             ;
; INPUT_A_FIXED_VALUE                            ; Bx           ; Untyped             ;
; INPUT_B_FIXED_VALUE                            ; Bx           ; Untyped             ;
; USE_AHDL_IMPLEMENTATION                        ; OFF          ; Untyped             ;
+------------------------------------------------+--------------+---------------------+
Note: In order to hide this table in the UI and the text report file, please set the "Show Parameter Settings in Synthesis Report" option in "Analysis and Synthesis Settings -> More Settings" to "Off".


+----------------------------------------------------------------------------+
; lpm_mult Parameter Settings by Entity Instance                             ;
+---------------------------------------+------------------------------------+
; Name                                  ; Value                              ;
+---------------------------------------+------------------------------------+
; Number of entity instances            ; 1                                  ;
; Entity Instance                       ; Timer_FSM:timer_fsm|lpm_mult:Mult0 ;
;     -- LPM_WIDTHA                     ; 4                                  ;
;     -- LPM_WIDTHB                     ; 26                                 ;
;     -- LPM_WIDTHP                     ; 30                                 ;
;     -- LPM_REPRESENTATION             ; UNSIGNED                           ;
;     -- INPUT_A_IS_CONSTANT            ; NO                                 ;
;     -- INPUT_B_IS_CONSTANT            ; YES                                ;
;     -- USE_EAB                        ; OFF                                ;
;     -- DEDICATED_MULTIPLIER_CIRCUITRY ; AUTO                               ;
;     -- INPUT_A_FIXED_VALUE            ; Bx                                 ;
;     -- INPUT_B_FIXED_VALUE            ; Bx                                 ;
+---------------------------------------+------------------------------------+


+-----------------------------------------------------+
; Post-Synthesis Netlist Statistics for Top Partition ;
+-----------------------+-----------------------------+
; Type                  ; Count                       ;
+-----------------------+-----------------------------+
; boundary_port         ; 66                          ;
; cycloneiii_ff         ; 136                         ;
;     ENA               ; 44                          ;
;     ENA SCLR          ; 4                           ;
;     ENA SLD           ; 18                          ;
;     SCLR              ; 5                           ;
;     SLD               ; 1                           ;
;     plain             ; 64                          ;
; cycloneiii_lcell_comb ; 375                         ;
;     arith             ; 126                         ;
;         1 data inputs ; 3                           ;
;         2 data inputs ; 123                         ;
;     normal            ; 249                         ;
;         0 data inputs ; 2                           ;
;         1 data inputs ; 14                          ;
;         2 data inputs ; 37                          ;
;         3 data inputs ; 83                          ;
;         4 data inputs ; 113                         ;
;                       ;                             ;
; Max LUT depth         ; 7.00                        ;
; Average LUT depth     ; 3.94                        ;
+-----------------------+-----------------------------+


+-------------------------------+
; Elapsed Time Per Partition    ;
+----------------+--------------+
; Partition Name ; Elapsed Time ;
+----------------+--------------+
; Top            ; 00:00:01     ;
+----------------+--------------+


+-------------------------------+
; Analysis & Synthesis Messages ;
+-------------------------------+
Info: *******************************************************************
Info: Running Quartus Prime Analysis & Synthesis
    Info: Version 17.1.0 Build 590 10/25/2017 SJ Lite Edition
    Info: Processing started: Wed Jun 16 01:25:59 2021
Info: Command: quartus_map --read_settings_files=on --write_settings_files=off Ofer_Prod -c Ofer_Prod
Warning (18236): Number of processors has not been specified which may cause overloading on shared machines.  Set the global assignment NUM_PARALLEL_PROCESSORS in your QSF to an appropriate value for best performance.
Info (20030): Parallel compilation is enabled and will use 2 of the 2 processors detected
Info (12021): Found 2 design units, including 1 entities, in source file ofer_prod.vhd
    Info (12022): Found design unit 1: Ofer_Prod-Behavioral File: C:/LSD/ProjetoFinal/Ofer_Prod.vhd Line: 23
    Info (12023): Found entity 1: Ofer_Prod File: C:/LSD/ProjetoFinal/Ofer_Prod.vhd Line: 4
Info (12021): Found 2 design units, including 1 entities, in source file bin7segdecoder.vhd
    Info (12022): Found design unit 1: Bin7SegDecoder-Behavioral File: C:/LSD/ProjetoFinal/Bin7SegDecoder.vhd Line: 10
    Info (12023): Found entity 1: Bin7SegDecoder File: C:/LSD/ProjetoFinal/Bin7SegDecoder.vhd Line: 4
Info (12021): Found 2 design units, including 1 entities, in source file clkdividern.vhd
    Info (12022): Found design unit 1: ClkDividerN-RTL File: C:/LSD/ProjetoFinal/ClkDividerN.vhd Line: 11
    Info (12023): Found entity 1: ClkDividerN File: C:/LSD/ProjetoFinal/ClkDividerN.vhd Line: 5
Info (12021): Found 2 design units, including 1 entities, in source file ofer_prod_top.vhd
    Info (12022): Found design unit 1: Ofer_Prod_Top-Shell File: C:/LSD/ProjetoFinal/Ofer_Prod_Top.vhd Line: 21
    Info (12023): Found entity 1: Ofer_Prod_Top File: C:/LSD/ProjetoFinal/Ofer_Prod_Top.vhd Line: 5
Info (12021): Found 2 design units, including 1 entities, in source file cubosgelo.vhd
    Info (12022): Found design unit 1: CubosGelo-Behavioral File: C:/LSD/ProjetoFinal/CubosGelo.vhd Line: 14
    Info (12023): Found entity 1: CubosGelo File: C:/LSD/ProjetoFinal/CubosGelo.vhd Line: 4
Info (12021): Found 2 design units, including 1 entities, in source file timer_fsm.vhd
    Info (12022): Found design unit 1: Timer_FSM-Behavioral File: C:/LSD/ProjetoFinal/Timer_FSM.vhd Line: 14
    Info (12023): Found entity 1: Timer_FSM File: C:/LSD/ProjetoFinal/Timer_FSM.vhd Line: 5
Info (12021): Found 2 design units, including 1 entities, in source file debounceunit.vhd
    Info (12022): Found design unit 1: DebounceUnit-Behavioral File: C:/LSD/ProjetoFinal/DebounceUnit.vhd Line: 15
    Info (12023): Found entity 1: DebounceUnit File: C:/LSD/ProjetoFinal/DebounceUnit.vhd Line: 5
Info (12021): Found 2 design units, including 1 entities, in source file registerref.vhd
    Info (12022): Found design unit 1: RegisterRef-Shell File: C:/LSD/ProjetoFinal/RegisterRef.vhd Line: 16
    Info (12023): Found entity 1: RegisterRef File: C:/LSD/ProjetoFinal/RegisterRef.vhd Line: 5
Info (12127): Elaborating entity "Ofer_Prod_Top" for the top level hierarchy
Info (12129): Elaborating entity "ClkDividerN" using architecture "A:rtl" for hierarchy "ClkDividerN:clk_div_1hz" File: C:/LSD/ProjetoFinal/Ofer_Prod_Top.vhd Line: 42
Info (12129): Elaborating entity "DebounceUnit" using architecture "A:behavioral" for hierarchy "DebounceUnit:debounceDiminuir_fsm" File: C:/LSD/ProjetoFinal/Ofer_Prod_Top.vhd Line: 47
Info (12129): Elaborating entity "RegisterRef" using architecture "A:shell" for hierarchy "RegisterRef:register_fsm" File: C:/LSD/ProjetoFinal/Ofer_Prod_Top.vhd Line: 57
Info (12129): Elaborating entity "Ofer_Prod" using architecture "A:behavioral" for hierarchy "Ofer_Prod:main_fsm" File: C:/LSD/ProjetoFinal/Ofer_Prod_Top.vhd Line: 71
Warning (10492): VHDL Process Statement warning at Ofer_Prod.vhd(73): signal "clk6Hz" is read inside the Process Statement but isn't in the Process Statement's sensitivity list File: C:/LSD/ProjetoFinal/Ofer_Prod.vhd Line: 73
Info (12129): Elaborating entity "CubosGelo" using architecture "A:behavioral" for hierarchy "CubosGelo:modoGelo_fsm" File: C:/LSD/ProjetoFinal/Ofer_Prod_Top.vhd Line: 89
Warning (10492): VHDL Process Statement warning at CubosGelo.vhd(47): signal "selModoGelo" is read inside the Process Statement but isn't in the Process Statement's sensitivity list File: C:/LSD/ProjetoFinal/CubosGelo.vhd Line: 47
Warning (10492): VHDL Process Statement warning at CubosGelo.vhd(57): signal "selModoGelo" is read inside the Process Statement but isn't in the Process Statement's sensitivity list File: C:/LSD/ProjetoFinal/CubosGelo.vhd Line: 57
Warning (10492): VHDL Process Statement warning at CubosGelo.vhd(59): signal "selModoGelo" is read inside the Process Statement but isn't in the Process Statement's sensitivity list File: C:/LSD/ProjetoFinal/CubosGelo.vhd Line: 59
Warning (10492): VHDL Process Statement warning at CubosGelo.vhd(61): signal "selModoGelo" is read inside the Process Statement but isn't in the Process Statement's sensitivity list File: C:/LSD/ProjetoFinal/CubosGelo.vhd Line: 61
Warning (10492): VHDL Process Statement warning at CubosGelo.vhd(71): signal "selModoGelo" is read inside the Process Statement but isn't in the Process Statement's sensitivity list File: C:/LSD/ProjetoFinal/CubosGelo.vhd Line: 71
Warning (10492): VHDL Process Statement warning at CubosGelo.vhd(73): signal "selModoGelo" is read inside the Process Statement but isn't in the Process Statement's sensitivity list File: C:/LSD/ProjetoFinal/CubosGelo.vhd Line: 73
Warning (10492): VHDL Process Statement warning at CubosGelo.vhd(75): signal "selModoGelo" is read inside the Process Statement but isn't in the Process Statement's sensitivity list File: C:/LSD/ProjetoFinal/CubosGelo.vhd Line: 75
Warning (10492): VHDL Process Statement warning at CubosGelo.vhd(85): signal "selModoGelo" is read inside the Process Statement but isn't in the Process Statement's sensitivity list File: C:/LSD/ProjetoFinal/CubosGelo.vhd Line: 85
Warning (10492): VHDL Process Statement warning at CubosGelo.vhd(87): signal "selModoGelo" is read inside the Process Statement but isn't in the Process Statement's sensitivity list File: C:/LSD/ProjetoFinal/CubosGelo.vhd Line: 87
Warning (10492): VHDL Process Statement warning at CubosGelo.vhd(97): signal "selModoGelo" is read inside the Process Statement but isn't in the Process Statement's sensitivity list File: C:/LSD/ProjetoFinal/CubosGelo.vhd Line: 97
Warning (10492): VHDL Process Statement warning at CubosGelo.vhd(99): signal "selModoGelo" is read inside the Process Statement but isn't in the Process Statement's sensitivity list File: C:/LSD/ProjetoFinal/CubosGelo.vhd Line: 99
Warning (10492): VHDL Process Statement warning at CubosGelo.vhd(101): signal "selModoGelo" is read inside the Process Statement but isn't in the Process Statement's sensitivity list File: C:/LSD/ProjetoFinal/CubosGelo.vhd Line: 101
Warning (10492): VHDL Process Statement warning at CubosGelo.vhd(111): signal "selModoGelo" is read inside the Process Statement but isn't in the Process Statement's sensitivity list File: C:/LSD/ProjetoFinal/CubosGelo.vhd Line: 111
Warning (10492): VHDL Process Statement warning at CubosGelo.vhd(113): signal "selModoGelo" is read inside the Process Statement but isn't in the Process Statement's sensitivity list File: C:/LSD/ProjetoFinal/CubosGelo.vhd Line: 113
Info (12129): Elaborating entity "Timer_FSM" using architecture "A:behavioral" for hierarchy "Timer_FSM:timer_fsm" File: C:/LSD/ProjetoFinal/Ofer_Prod_Top.vhd Line: 98
Warning (10540): VHDL Signal Declaration warning at Timer_FSM.vhd(17): used explicit default value for signal "time_cycle" because signal was never assigned a value File: C:/LSD/ProjetoFinal/Timer_FSM.vhd Line: 17
Info (12129): Elaborating entity "Bin7SegDecoder" using architecture "A:behavioral" for hierarchy "Bin7SegDecoder:dec_word0" File: C:/LSD/ProjetoFinal/Ofer_Prod_Top.vhd Line: 106
Info (278001): Inferred 1 megafunctions from design logic
    Info (278003): Inferred multiplier megafunction ("lpm_mult") from the following logic: "Timer_FSM:timer_fsm|Mult0" File: C:/LSD/ProjetoFinal/Timer_FSM.vhd Line: 17
Info (12130): Elaborated megafunction instantiation "Timer_FSM:timer_fsm|lpm_mult:Mult0" File: C:/LSD/ProjetoFinal/Timer_FSM.vhd Line: 17
Info (12133): Instantiated megafunction "Timer_FSM:timer_fsm|lpm_mult:Mult0" with the following parameter: File: C:/LSD/ProjetoFinal/Timer_FSM.vhd Line: 17
    Info (12134): Parameter "LPM_WIDTHA" = "4"
    Info (12134): Parameter "LPM_WIDTHB" = "26"
    Info (12134): Parameter "LPM_WIDTHP" = "30"
    Info (12134): Parameter "LPM_WIDTHR" = "30"
    Info (12134): Parameter "LPM_WIDTHS" = "1"
    Info (12134): Parameter "LPM_REPRESENTATION" = "UNSIGNED"
    Info (12134): Parameter "INPUT_A_IS_CONSTANT" = "NO"
    Info (12134): Parameter "INPUT_B_IS_CONSTANT" = "YES"
    Info (12134): Parameter "MAXIMIZE_SPEED" = "5"
Info (12131): Elaborated megafunction instantiation "Timer_FSM:timer_fsm|lpm_mult:Mult0|multcore:mult_core", which is child of megafunction instantiation "Timer_FSM:timer_fsm|lpm_mult:Mult0" File: c:/intelfpga_lite/17.1/quartus/libraries/megafunctions/lpm_mult.tdf Line: 308
Info (12131): Elaborated megafunction instantiation "Timer_FSM:timer_fsm|lpm_mult:Mult0|multcore:mult_core|mpar_add:padder", which is child of megafunction instantiation "Timer_FSM:timer_fsm|lpm_mult:Mult0" File: c:/intelfpga_lite/17.1/quartus/libraries/megafunctions/multcore.tdf Line: 228
Info (12131): Elaborated megafunction instantiation "Timer_FSM:timer_fsm|lpm_mult:Mult0|altshift:external_latency_ffs", which is child of megafunction instantiation "Timer_FSM:timer_fsm|lpm_mult:Mult0" File: c:/intelfpga_lite/17.1/quartus/libraries/megafunctions/lpm_mult.tdf Line: 351
Warning (13024): Output pins are stuck at VCC or GND
    Warning (13410): Pin "HEX0[1]" is stuck at VCC File: C:/LSD/ProjetoFinal/Ofer_Prod_Top.vhd Line: 11
    Warning (13410): Pin "HEX4[6]" is stuck at VCC File: C:/LSD/ProjetoFinal/Ofer_Prod_Top.vhd Line: 15
    Warning (13410): Pin "HEX5[6]" is stuck at VCC File: C:/LSD/ProjetoFinal/Ofer_Prod_Top.vhd Line: 16
    Warning (13410): Pin "HEX6[6]" is stuck at VCC File: C:/LSD/ProjetoFinal/Ofer_Prod_Top.vhd Line: 17
    Warning (13410): Pin "HEX7[6]" is stuck at VCC File: C:/LSD/ProjetoFinal/Ofer_Prod_Top.vhd Line: 18
Info (286030): Timing-Driven Synthesis is running
Info (16010): Generating hard_block partition "hard_block:auto_generated_inst"
    Info (16011): Adding 0 node(s), including 0 DDIO, 0 PLL, 0 transceiver and 0 LCELL
Info (21057): Implemented 443 device resources after synthesis - the final resource count might be different
    Info (21058): Implemented 8 input pins
    Info (21059): Implemented 58 output pins
    Info (21061): Implemented 377 logic cells
Info: Quartus Prime Analysis & Synthesis was successful. 0 errors, 23 warnings
    Info: Peak virtual memory: 4807 megabytes
    Info: Processing ended: Wed Jun 16 01:26:13 2021
    Info: Elapsed time: 00:00:14
    Info: Total CPU time (on all processors): 00:00:28


